生成启动时间为 2014-6-22 22:17:45。
     1>项目“F:\dev\nlpir_parser_20140622\nlpir_parser\nlpir_parser.vcxproj”在节点 2 上(build 个目标)。
     1>InitializeBuildStatus:
         正在创建“Release\nlpir_parser.unsuccessfulbuild”，因为已指定“AlwaysCreate”。
       ClCompile:
         C:\Program Files\Microsoft Visual Studio 10.0\VC\bin\CL.exe /c /I"C:\Program Files\PostgreSQL\9.3\include\server\port\win32_msvc" /I"C:\Program Files\PostgreSQL\9.3\include\server\port\win32" /I"C:\Program Files\PostgreSQL\9.3\include\server" /I"C:\Program Files\PostgreSQL\9.3\include" /Zi /nologo /W3 /WX- /O2 /Oi /Oy- /GL /D WIN32 /D NDEBUG /D _CONSOLE /D _WINDLL /D _UNICODE /D UNICODE /Gm- /EHsc /MD /GS /Gy /fp:precise /Zc:wchar_t /Zc:forScope /Fo"Release\\" /Fd"Release\vc100.pdb" /Gd /TC /analyze- /errorReport:prompt nlpir_parser_v20140622.c
         nlpir_parser_v20140622.c
     1>nlpir_parser_v20140622.c(48): warning C4996: 'strncpy': This function or variable may be unsafe. Consider using strncpy_s instead. To disable deprecation, use _CRT_SECURE_NO_WARNINGS. See online help for details.
                 C:\Program Files\Microsoft Visual Studio 10.0\VC\include\string.h(188) : 参见“strncpy”的声明
       Link:
         C:\Program Files\Microsoft Visual Studio 10.0\VC\bin\link.exe /ERRORREPORT:PROMPT /OUT:"F:\dev\nlpir_parser_20140622\Release\nlpir_parser.dll" /INCREMENTAL:NO /NOLOGO /LIBPATH:"C:\Program Files\PostgreSQL\9.3\lib" postgres.lib kernel32.lib user32.lib gdi32.lib winspool.lib comdlg32.lib advapi32.lib shell32.lib ole32.lib oleaut32.lib uuid.lib odbc32.lib odbccp32.lib /MANIFEST /ManifestFile:"Release\nlpir_parser.dll.intermediate.manifest" /MANIFESTUAC:"level='asInvoker' uiAccess='false'" /DEBUG /PDB:"F:\dev\nlpir_parser_20140622\Release\nlpir_parser.pdb" /SUBSYSTEM:CONSOLE /OPT:REF /OPT:ICF /LTCG /TLBID:1 /DYNAMICBASE /NXCOMPAT /IMPLIB:"F:\dev\nlpir_parser_20140622\Release\nlpir_parser.lib" /MACHINE:X86 /DLL Release\nlpir_parser_v20140622.obj
            正在创建库 F:\dev\nlpir_parser_20140622\Release\nlpir_parser.lib 和对象 F:\dev\nlpir_parser_20140622\Release\nlpir_parser.exp
         正在生成代码
         已完成代码的生成
         nlpir_parser.vcxproj -> F:\dev\nlpir_parser_20140622\Release\nlpir_parser.dll
       Manifest:
         C:\Program Files\Microsoft SDKs\Windows\v7.0A\bin\mt.exe /nologo /verbose /outputresource:"F:\dev\nlpir_parser_20140622\Release\nlpir_parser.dll;#2" /manifest Release\nlpir_parser.dll.intermediate.manifest
       FinalizeBuildStatus:
         正在删除文件“Release\nlpir_parser.unsuccessfulbuild”。
         正在对“Release\nlpir_parser.lastbuildstate”执行 Touch 任务。
     1>已完成生成项目“F:\dev\nlpir_parser_20140622\nlpir_parser\nlpir_parser.vcxproj”(build 个目标)的操作。

生成成功。

已用时间 00:00:04.04
