F:\DEV\NLPIR_PARSER_20140319\NLPIR_PARSER\RELEASE\NLPIR_PARSER.DLL.INTERMEDIATE.MANIFEST
F:\DEV\NLPIR_PARSER_20140319\NLPIR_PARSER\RELEASE\NLPIR_PARSER_V20140622.OBJ
F:\DEV\NLPIR_PARSER_20140319\NLPIR_PARSER\RELEASE\VC100.PDB
F:\DEV\NLPIR_PARSER_20140319\RELEASE\NLPIR_PARSER.DLL
F:\dev\nlpir_parser_20140319\Release\nlpir_parser.exp
F:\dev\nlpir_parser_20140319\Release\nlpir_parser.lib
F:\DEV\NLPIR_PARSER_20140319\RELEASE\NLPIR_PARSER.PDB
F:\dev\nlpir_parser_20140622\nlpir_parser\Release\cl.command.1.tlog
F:\dev\nlpir_parser_20140622\nlpir_parser\Release\CL.read.1.tlog
F:\dev\nlpir_parser_20140622\nlpir_parser\Release\CL.write.1.tlog
F:\dev\nlpir_parser_20140622\nlpir_parser\Release\link.command.1.tlog
F:\dev\nlpir_parser_20140622\nlpir_parser\Release\link.read.1.tlog
F:\dev\nlpir_parser_20140622\nlpir_parser\Release\link.write.1.tlog
F:\dev\nlpir_parser_20140622\nlpir_parser\Release\mt.command.1.tlog
F:\dev\nlpir_parser_20140622\nlpir_parser\Release\mt.read.1.tlog
F:\dev\nlpir_parser_20140622\nlpir_parser\Release\mt.write.1.tlog
F:\dev\nlpir_parser_20140622\nlpir_parser\Release\nlpir_parser.dll.intermediate.manifest
F:\dev\nlpir_parser_20140622\nlpir_parser\Release\nlpir_parser.write.1.tlog
F:\dev\nlpir_parser_20140622\nlpir_parser\Release\nlpir_parser_v20140622.obj
F:\dev\nlpir_parser_20140622\nlpir_parser\Release\vc100.pdb
F:\dev\nlpir_parser_20140622\Release\nlpir_parser.dll
F:\dev\nlpir_parser_20140622\Release\nlpir_parser.pdb
