[2014-06-21 10:48:02]	Open file failed 
[2014-06-21 10:48:02]	../test/test.TXT
[2014-06-21 10:48:41]	Open file failed 
[2014-06-21 10:48:41]	D:\NLPIR\feedback\keyword2.txt
[2014-06-21 10:48:43]	Open file failed 
[2014-06-21 10:48:43]	D:\NLPIR\feedback\keyword2.txt
[2014-06-21 10:48:47]	中将 n->pdzj
[2014-06-21 10:48:47]	长春 ns->nz
[2014-06-21 10:48:47]	万科 nz->nt
[2014-06-21 10:48:47]	阿里巴巴 nz->nt
[2014-06-21 10:48:47]	阿里 nrf->nt
[2014-06-21 10:48:47]	大唐 nz->nt
[2014-06-21 10:48:47]	三星 n->nt
[2014-06-21 10:48:47]	科林 nrf->nt
[2014-06-21 10:48:47]	戴尔 nrf->nt
[2014-06-21 10:48:47]	阿布扎比 nrf->nsf
[2014-06-21 10:48:47]	阿皮亚 n->nsf
[2014-06-21 10:48:47]	安塔拉 nrf->gain
[2014-06-21 10:48:47]	奥古斯塔 nrf->nsf
[2014-06-21 10:48:47]	北川 nrj->ns
[2014-06-21 10:48:47]	长岛 n->nsf
[2014-06-21 10:48:47]	大公报 n->gnhk
[2014-06-21 10:48:47]	俄通社 nt->gars
[2014-06-21 10:48:47]	二连浩特 n->ns
[2014-06-21 10:48:47]	法新社 nt->gafr
[2014-06-21 10:48:47]	桂阳 n->ns
[2014-06-21 10:48:47]	贵池 n->ns
[2014-06-21 10:48:47]	海口 n->ns
[2014-06-21 10:48:47]	河源 n->ns
[2014-06-21 10:48:47]	鹤壁 n->ns
[2014-06-21 10:48:47]	徽县 n->ns
[2014-06-21 10:48:47]	徽州 n->ns
[2014-06-21 10:48:47]	霍林郭勒 n->ns
[2014-06-21 10:48:47]	解放军报 n->gnqg
[2014-06-21 10:48:47]	金边 n->nsf
[2014-06-21 10:48:47]	金融界 n->gwcj
[2014-06-21 10:48:47]	今晚报 n->gntj
[2014-06-21 10:48:47]	津市 n->ns
[2014-06-21 10:48:47]	肯塔基 n->nsf
[2014-06-21 10:48:47]	快报 n->gnhk
[2014-06-21 10:48:47]	奎屯 n->ns
[2014-06-21 10:48:47]	联合报 n->gntw
[2014-06-21 10:48:47]	涟源 n->ns
[2014-06-21 10:48:47]	辽源 n->ns
[2014-06-21 10:48:47]	路透社 nt->gauk
[2014-06-21 10:48:47]	美联社 n->gaus
[2014-06-21 10:48:47]	南阳 nr->ns
[2014-06-21 10:48:47]	浦江 n->ns
[2014-06-21 10:48:47]	黔西南 b->ns
[2014-06-21 10:48:47]	青年报 n->gnsh
[2014-06-21 10:48:47]	曲阳县 n->ns
[2014-06-21 10:48:47]	人民报 n->gnhk
[2014-06-21 10:48:47]	人民日报 nz->gnqg
[2014-06-21 10:48:47]	任丘 n->ns
[2014-06-21 10:48:47]	汝州 n->ns
[2014-06-21 10:48:47]	瑞安 nrf->ns
[2014-06-21 10:48:47]	商学院 n->gwot
[2014-06-21 10:48:47]	申报 v->gnzy
[2014-06-21 10:48:47]	生活报 n->gnhl
[2014-06-21 10:48:47]	市场报 n->gnbj
[2014-06-21 10:48:47]	市南区 n->ns
[2014-06-21 10:48:47]	搜狐 n->gwz
[2014-06-21 10:48:47]	遂宁 n->ns
[2014-06-21 10:48:47]	塘沽区 n->ns
[2014-06-21 10:48:47]	特立尼达和多巴哥 nz->nsf
[2014-06-21 10:48:47]	图瓦卢 n->nsf
[2014-06-21 10:48:47]	网易 nz->gwz
[2014-06-21 10:48:47]	威斯康星 nz->nsf
[2014-06-21 10:48:47]	文汇报 nz->gnhk
[2014-06-21 10:48:47]	文萃 n->gnhun
[2014-06-21 10:48:47]	新华社 nt->gacn
[2014-06-21 10:48:47]	新华网 nt->gwz
[2014-06-21 10:48:47]	新浪 nz->gwz
[2014-06-21 10:48:47]	沂源 n->ns
[2014-06-21 10:48:47]	鹰潭 n->ns
[2014-06-21 10:48:47]	中华网 nt->gwz
[2014-06-21 10:48:47]	中新网 nt->gwot
[2014-06-21 10:48:47]	中央电视台 nt->gtqg
[2014-06-21 10:48:47]	中央人民广播电台 nt->grqg
[2014-06-21 10:48:47]	瑙鲁 n->nsf
[2014-06-21 10:48:47]	滕州 n->ns
[2014-06-21 10:48:47]	红烧肉 n->gms
[2014-06-21 10:48:47]	饺子 n->gms
[2014-06-21 10:48:47]	鱼香肉丝 n->gms
[2014-06-21 10:48:47]	包子 n->gms
[2014-06-21 10:48:47]	炸酱面 n->gms
[2014-06-21 10:48:47]	煎饼 n->gms
[2014-06-21 10:48:47]	炒面 n->gms
[2014-06-21 10:48:47]	回锅肉 n->gms
[2014-06-21 10:48:47]	蛋炒饭 n->gms
[2014-06-21 10:48:47]	鸡汤 n->gms
[2014-06-21 10:48:47]	馒头 n->gms
[2014-06-21 10:48:47]	奶茶 n->gms
[2014-06-21 10:48:47]	麻辣烫 n->gms
[2014-06-21 10:48:47]	馄饨 n->gms
[2014-06-21 10:48:47]	凉面 n->gms
[2014-06-21 10:48:47]	东坡肉 n->gms
[2014-06-21 10:48:47]	鸡蛋羹 n->gms
[2014-06-21 10:48:47]	冰激凌 n->gms
[2014-06-21 10:48:47]	沙拉 n->gms
[2014-06-21 10:48:47]	肉丸 n->gms
[2014-06-21 10:48:47]	土豆泥 n->gms
[2014-06-21 10:48:47]	花卷 n->gms
[2014-06-21 10:48:47]	油条 n->gms
[2014-06-21 10:48:47]	发糕 n->gms
[2014-06-21 10:48:47]	粉蒸肉 n->gms
[2014-06-21 10:48:47]	酸辣汤 n->gms
[2014-06-21 10:48:47]	玉米饼 n->gms
[2014-06-21 10:48:47]	茶叶蛋 n->gms
[2014-06-21 10:48:47]	糖醋鱼 n->gms
[2014-06-21 10:48:47]	葡萄酒 n->gms
[2014-06-21 10:48:47]	臭豆腐 n->gms
[2014-06-21 10:48:47]	汉堡 nsf->gms
[2014-06-21 10:48:47]	回锅肉 n->gms
[2014-06-21 10:48:47]	辣椒油 n->gms
[2014-06-21 10:48:47]	烧卖 n->gms
[2014-06-21 10:48:47]	方便面 n->gms
[2014-06-21 10:48:47]	春卷 n->gms
[2014-06-21 10:48:47]	牛肉面 n->gms
[2014-06-21 10:48:47]	豆腐脑 n->gms
[2014-06-21 10:48:47]	鸡蛋糕 n->gms
[2014-06-21 10:48:47]	腊肉 n->gms
[2014-06-21 10:48:47]	腊八粥 n->gms
[2014-06-21 10:48:47]	派 n->gms
[2014-06-21 10:48:47]	窝窝头 n->gms
[2014-06-21 10:48:47]	阳春面 n->gms
[2014-06-21 10:48:47]	葱花饼 n->gms
[2014-06-21 10:48:47]	酸梅汤 n->gms
[2014-06-21 10:48:47]	熘肝尖 n->gms
[2014-06-21 10:48:47]	辣椒酱 n->gms
[2014-06-21 10:48:47]	八宝粥 n->gms
[2014-06-21 10:48:47]	锅贴 n->gms
[2014-06-21 10:48:47]	爆米花 n->gms
[2014-06-21 10:48:47]	烤鸭 n->gms
[2014-06-21 10:48:47]	烤羊肉串 n->gms
[2014-06-21 10:48:47]	面茶 n->gms
[2014-06-21 10:48:47]	烤羊肉串 n->gms
[2014-06-21 10:48:47]	热气球 n->gjtgj
[2014-06-21 10:48:47]	班机 n->gjtgj
[2014-06-21 10:48:47]	班轮 n->gjtgj
[2014-06-21 10:48:47]	出租汽车 nl->gjtgj
[2014-06-21 10:48:47]	船 n->gjtgj
[2014-06-21 10:48:47]	大客车 n->gjtgj
[2014-06-21 10:48:47]	地铁 n->gjtgj
[2014-06-21 10:48:47]	电车 n->gjtgj
[2014-06-21 10:48:47]	帆船 n->gjtgj
[2014-06-21 10:48:47]	飞机 n->gjtgj
[2014-06-21 10:48:47]	火车 n->gjtgj
[2014-06-21 10:48:47]	救生圈 n->gjtgj
[2014-06-21 10:48:47]	救生艇 n->gjtgj
[2014-06-21 10:48:47]	客机 n->gjtgj
[2014-06-21 10:48:47]	喷气机 n->gjtgj
[2014-06-21 10:48:47]	气垫船 n->gjtgj
[2014-06-21 10:48:47]	无轨电车 nl->gjtgj
[2014-06-21 10:48:47]	邮轮 n->gjtgj
[2014-06-21 10:48:47]	游船 n->gjtgj
[2014-06-21 10:48:47]	轮船 n->gjtgj
