F:\DEV\NLPIR_PARSER\DEBUG\NLPIR_PARSER.DLL
F:\dev\nlpir_parser\Debug\nlpir_parser.exp
F:\DEV\NLPIR_PARSER\DEBUG\NLPIR_PARSER.ILK
F:\dev\nlpir_parser\Debug\nlpir_parser.lib
F:\DEV\NLPIR_PARSER\DEBUG\NLPIR_PARSER.PDB
F:\DEV\NLPIR_PARSER\NLPIR_PARSER\DEBUG\CHINESE_PARSER_20140324.OBJ
F:\dev\nlpir_parser\nlpir_parser\Debug\cl.command.1.tlog
F:\dev\nlpir_parser\nlpir_parser\Debug\CL.read.1.tlog
F:\dev\nlpir_parser\nlpir_parser\Debug\CL.write.1.tlog
F:\dev\nlpir_parser\nlpir_parser\Debug\link.2328.read.1.tlog
F:\dev\nlpir_parser\nlpir_parser\Debug\link.2328.write.1.tlog
F:\dev\nlpir_parser\nlpir_parser\Debug\link.2328-cvtres.read.1.tlog
F:\dev\nlpir_parser\nlpir_parser\Debug\link.2328-cvtres.write.1.tlog
F:\dev\nlpir_parser\nlpir_parser\Debug\link.command.1.tlog
F:\dev\nlpir_parser\nlpir_parser\Debug\link.read.1.tlog
F:\dev\nlpir_parser\nlpir_parser\Debug\link.write.1.tlog
F:\dev\nlpir_parser\nlpir_parser\Debug\link-cvtres.read.1.tlog
F:\dev\nlpir_parser\nlpir_parser\Debug\link-cvtres.write.1.tlog
F:\dev\nlpir_parser\nlpir_parser\Debug\mt.command.1.tlog
F:\dev\nlpir_parser\nlpir_parser\Debug\mt.read.1.tlog
F:\dev\nlpir_parser\nlpir_parser\Debug\mt.write.1.tlog
F:\DEV\NLPIR_PARSER\NLPIR_PARSER\DEBUG\NLPIR_PARSER.DLL.EMBED.MANIFEST
F:\DEV\NLPIR_PARSER\NLPIR_PARSER\DEBUG\NLPIR_PARSER.DLL.EMBED.MANIFEST.RES
F:\DEV\NLPIR_PARSER\NLPIR_PARSER\DEBUG\NLPIR_PARSER.DLL.INTERMEDIATE.MANIFEST
F:\dev\nlpir_parser\nlpir_parser\Debug\nlpir_parser.write.1.tlog
F:\dev\nlpir_parser\nlpir_parser\Debug\nlpir_parser_manifest.rc
F:\dev\nlpir_parser\nlpir_parser\Debug\rc.command.1.tlog
F:\dev\nlpir_parser\nlpir_parser\Debug\rc.read.1.tlog
F:\dev\nlpir_parser\nlpir_parser\Debug\rc.write.1.tlog
F:\dev\nlpir_parser\nlpir_parser\Debug\vc100.idb
F:\DEV\NLPIR_PARSER\NLPIR_PARSER\DEBUG\VC100.PDB
